<?xml version="1.0" encoding="UTF-8"?>
<!-- Generated by org.testng.reporters.JUnitReportReporter -->
<testsuite hostname="nadsoft1" name="Nadsoft.COS.Registration" tests="1" failures="0" timestamp="5 Mar 2018 08:24:23 GMT" time="173.476" errors="0">
  <testcase name="testScript" time="173.476" classname="Nadsoft.COS.Registration"/>
</testsuite> <!-- Nadsoft.COS.Registration -->
