<?xml version="1.0" encoding="UTF-8"?>
<!-- Generated by org.testng.reporters.JUnitReportReporter -->
<testsuite hostname="nadsoft1" name="Nadsoft.COS.Software" tests="1" failures="0" timestamp="16 Oct 2017 13:07:58 GMT" time="45.768" errors="0">
  <testcase name="testScript" time="45.768" classname="Nadsoft.COS.Software"/>
</testsuite> <!-- Nadsoft.COS.Software -->
