<?xml version="1.0" encoding="UTF-8"?>
<!-- Generated by org.testng.reporters.JUnitReportReporter -->
<testsuite hostname="nadsoft1" name="Nadsoft.COS.QuickSoftware" tests="1" failures="0" timestamp="13 Dec 2017 14:24:08 GMT" time="211.098" errors="0">
  <testcase name="testScript" time="211.098" classname="Nadsoft.COS.QuickSoftware"/>
</testsuite> <!-- Nadsoft.COS.QuickSoftware -->
